Wed Jun 19 17:02:28 PDT 2019 crash report /var/crash/_usr_bin_appstreamcli.0.crash detected
appstreamcli
Gtk-Message: GtkDialog mapped without a transient parent. This is discouraged.
Wed Jun 19 17:19:56 PDT 2019 crash report /var/crash/_usr_bin_appstreamcli.0.crash detected
appstreamcli

(system-crash-notification:25173): GdkPixbuf-WARNING **: Cannot open pixbuf loader module file '/usr/lib/x86_64-linux-gnu/gdk-pixbuf-2.0/2.10.0/loaders.cache': No such file or directory

This likely means that your installation is broken.
Try running the command
  gdk-pixbuf-query-loaders > /usr/lib/x86_64-linux-gnu/gdk-pixbuf-2.0/2.10.0/loaders.cache
to make things work again for the time being.

(system-crash-notification:25173): Gtk-WARNING **: Error loading image 'file:///usr/share/themes/Ambiance/gtk-3.0/assets/entry.png': Unrecognized image file format

(system-crash-notification:25173): Gtk-WARNING **: Error loading image 'file:///usr/share/themes/Ambiance/gtk-3.0/assets/entry-disabled.png': Unrecognized image file format

(system-crash-notification:25173): Gtk-WARNING **: Error loading image 'file:///usr/share/themes/Ambiance/gtk-3.0/assets/button.png': Unrecognized image file format

(system-crash-notification:25173): Gtk-WARNING **: Error loading theme icon 'image-missing' for stock: Unrecognized image file format

(system-crash-notification:25173): Gtk-WARNING **: Error loading theme icon 'image-missing' for stock: Unrecognized image file format

(system-crash-notification:25173): GLib-GObject-CRITICAL **: g_object_ref: assertion 'G_IS_OBJECT (object)' failed

(system-crash-notification:25173): Gtk-WARNING **: Error loading theme icon 'image-missing' for stock: Unrecognized image file format

(system-crash-notification:25173): Gtk-WARNING **: Error loading theme icon 'image-missing' for stock: Unrecognized image file format

(system-crash-notification:25173): GLib-GObject-CRITICAL **: g_object_ref: assertion 'G_IS_OBJECT (object)' failed
Gtk-Message: GtkDialog mapped without a transient parent. This is discouraged.

(system-crash-notification:25173): Gtk-WARNING **: Error loading image 'file:///usr/share/themes/Ambiance/gtk-3.0/assets/button-default.png': Unrecognized image file format

(system-crash-notification:25173): Gtk-WARNING **: Error loading image 'file:///usr/share/themes/Ambiance/gtk-3.0/assets/backdrop-button.png': Unrecognized image file format

(system-crash-notification:25173): Gtk-WARNING **: Error loading theme icon 'image-missing' for stock: Unrecognized image file format

(system-crash-notification:25173): Gtk-WARNING **: Error loading theme icon 'image-missing' for stock: Unrecognized image file format

(system-crash-notification:25173): GLib-GObject-CRITICAL **: g_object_ref: assertion 'G_IS_OBJECT (object)' failed

(system-crash-notification:25173): Gtk-WARNING **: Error loading theme icon 'image-missing' for stock: Unrecognized image file format

(system-crash-notification:25173): Gtk-WARNING **: Error loading theme icon 'image-missing' for stock: Unrecognized image file format

(system-crash-notification:25173): GLib-GObject-CRITICAL **: g_object_ref: assertion 'G_IS_OBJECT (object)' failed

(system-crash-notification:25173): Gtk-WARNING **: Error loading theme icon 'image-missing' for stock: Unrecognized image file format

(system-crash-notification:25173): Gtk-WARNING **: Error loading theme icon 'image-missing' for stock: Unrecognized image file format

(system-crash-notification:25173): GLib-GObject-CRITICAL **: g_object_ref: assertion 'G_IS_OBJECT (object)' failed

(system-crash-notification:25173): Gtk-WARNING **: Error loading theme icon 'image-missing' for stock: Unrecognized image file format

(system-crash-notification:25173): Gtk-WARNING **: Error loading theme icon 'image-missing' for stock: Unrecognized image file format

(system-crash-notification:25173): GLib-GObject-CRITICAL **: g_object_ref: assertion 'G_IS_OBJECT (object)' failed

(system-crash-notification:25173): Gtk-WARNING **: Error loading theme icon 'image-missing' for stock: Unrecognized image file format

(system-crash-notification:25173): Gtk-WARNING **: Error loading theme icon 'image-missing' for stock: Unrecognized image file format

(system-crash-notification:25173): GLib-GObject-CRITICAL **: g_object_ref: assertion 'G_IS_OBJECT (object)' failed

(system-crash-notification:25173): Gtk-WARNING **: Error loading theme icon 'image-missing' for stock: Unrecognized image file format

(system-crash-notification:25173): Gtk-WARNING **: Error loading theme icon 'image-missing' for stock: Unrecognized image file format

(system-crash-notification:25173): GLib-GObject-CRITICAL **: g_object_ref: assertion 'G_IS_OBJECT (object)' failed

(system-crash-notification:25173): GLib-GObject-CRITICAL **: g_object_unref: assertion 'G_IS_OBJECT (object)' failed

(system-crash-notification:25173): Gtk-WARNING **: Error loading image 'file:///usr/share/themes/Ambiance/gtk-3.0/assets/button-default-focused-hover.png': Unrecognized image file format
